[debug] [2024-09-17T10:17:14.586Z] ----------------------------------------------------------------------
[debug] [2024-09-17T10:17:14.592Z] Command:       C:\Program Files\nodejs\node.exe C:\Users\DELL\AppData\Roaming\npm\node_modules\firebase-tools\lib\bin\firebase.js init
[debug] [2024-09-17T10:17:14.594Z] CLI Version:   13.17.0
[debug] [2024-09-17T10:17:14.594Z] Platform:      win32
[debug] [2024-09-17T10:17:14.594Z] Node Version:  v20.16.0
[debug] [2024-09-17T10:17:14.594Z] Time:          Tue Sep 17 2024 13:17:14 GMT+0300 (GMT+03:00)
[debug] [2024-09-17T10:17:14.595Z] ----------------------------------------------------------------------
[debug] 
[debug] [2024-09-17T10:17:14.600Z] >>> [apiv2][query] GET https://firebase-public.firebaseio.com/cli.json [none]
[debug] [2024-09-17T10:17:14.718Z] > command requires scopes: ["email","openid","https://www.googleapis.com/auth/cloudplatformprojects.readonly","https://www.googleapis.com/auth/firebase","https://www.googleapis.com/auth/cloud-platform"]
[debug] [2024-09-17T10:17:14.719Z] > authorizing via signed-in user (mohammed.issaopte@gmail.com)
[info] 
     ######## #### ########  ######## ########     ###     ######  ########
     ##        ##  ##     ## ##       ##     ##  ##   ##  ##       ##
     ######    ##  ########  ######   ########  #########  ######  ######
     ##        ##  ##    ##  ##       ##     ## ##     ##       ## ##
     ##       #### ##     ## ######## ########  ##     ##  ######  ########

You're about to initialize a Firebase project in this directory:

  C:\Users\DELL\Mohammed\my-portfolio

[debug] [2024-09-17T10:17:15.182Z] *** [apiv2] error from fetch(https://firebase-public.firebaseio.com/cli.json, {"headers":{},"method":"GET"}): FetchError: request to https://firebase-public.firebaseio.com/cli.json failed, reason: Client network socket disconnected before secure TLS connection was established
[warn] !  Unable to fetch the CLI MOTD and remote config. This is not a fatal error, but may indicate an issue with your network connection. 
[debug] [2024-09-17T10:17:15.184Z] Failed to fetch MOTD FirebaseError: Failed to make request to https://firebase-public.firebaseio.com/cli.json
[info] 
=== Project Setup
[info] 
[info] First, let's associate this project directory with a Firebase project.
[info] You can create multiple project aliases by running firebase use --add, 
[info] but for now we'll just set up a default project.
[info] 
[debug] [2024-09-17T10:17:32.825Z] >>> [apiv2][query] GET https://firebase.googleapis.com/v1beta1/projects pageSize=100
[debug] [2024-09-17T10:17:33.473Z] <<< [apiv2][status] GET https://firebase.googleapis.com/v1beta1/projects 403
[debug] [2024-09-17T10:17:33.474Z] <<< [apiv2][body] GET https://firebase.googleapis.com/v1beta1/projects [omitted]
[debug] [2024-09-17T10:17:33.474Z] Unable to parse JSON: SyntaxError: Unexpected token '<', "<!DOCTYPE "... is not valid JSON
[debug] [2024-09-17T10:17:34.210Z] FirebaseError: Unable to parse JSON: SyntaxError: Unexpected token '<', "<!DOCTYPE "... is not valid JSON
    at RetryOperation._fn (C:\Users\DELL\AppData\Roaming\npm\node_modules\firebase-tools\lib\apiv2.js:277:39)
    at process.processTicksAndRejections (node:internal/process/task_queues:95:5)
[error] 
[error] Error: Failed to list Firebase projects. See firebase-debug.log for more info.
[debug] [2024-09-17T10:17:44.252Z] ----------------------------------------------------------------------
[debug] [2024-09-17T10:17:44.257Z] Command:       C:\Program Files\nodejs\node.exe C:\Users\DELL\AppData\Roaming\npm\node_modules\firebase-tools\lib\bin\firebase.js init
[debug] [2024-09-17T10:17:44.258Z] CLI Version:   13.17.0
[debug] [2024-09-17T10:17:44.258Z] Platform:      win32
[debug] [2024-09-17T10:17:44.258Z] Node Version:  v20.16.0
[debug] [2024-09-17T10:17:44.258Z] Time:          Tue Sep 17 2024 13:17:44 GMT+0300 (GMT+03:00)
[debug] [2024-09-17T10:17:44.259Z] ----------------------------------------------------------------------
[debug] 
[debug] [2024-09-17T10:17:44.265Z] >>> [apiv2][query] GET https://firebase-public.firebaseio.com/cli.json [none]
[debug] [2024-09-17T10:17:44.368Z] > command requires scopes: ["email","openid","https://www.googleapis.com/auth/cloudplatformprojects.readonly","https://www.googleapis.com/auth/firebase","https://www.googleapis.com/auth/cloud-platform"]
[debug] [2024-09-17T10:17:44.369Z] > authorizing via signed-in user (mohammed.issaopte@gmail.com)
[info] 
     ######## #### ########  ######## ########     ###     ######  ########
     ##        ##  ##     ## ##       ##     ##  ##   ##  ##       ##
     ######    ##  ########  ######   ########  #########  ######  ######
     ##        ##  ##    ##  ##       ##     ## ##     ##       ## ##
     ##       #### ##     ## ######## ########  ##     ##  ######  ########

You're about to initialize a Firebase project in this directory:

  C:\Users\DELL\Mohammed\my-portfolio

[debug] [2024-09-17T10:17:44.814Z] *** [apiv2] error from fetch(https://firebase-public.firebaseio.com/cli.json, {"headers":{},"method":"GET"}): FetchError: request to https://firebase-public.firebaseio.com/cli.json failed, reason: Client network socket disconnected before secure TLS connection was established
[warn] !  Unable to fetch the CLI MOTD and remote config. This is not a fatal error, but may indicate an issue with your network connection. 
[debug] [2024-09-17T10:17:44.816Z] Failed to fetch MOTD FirebaseError: Failed to make request to https://firebase-public.firebaseio.com/cli.json
[info] 
=== Project Setup
[info] 
[info] First, let's associate this project directory with a Firebase project.
[info] You can create multiple project aliases by running firebase use --add, 
[info] but for now we'll just set up a default project.
[info] 
[debug] [2024-09-17T10:18:02.323Z] >>> [apiv2][query] GET https://firebase.googleapis.com/v1beta1/availableProjects pageSize=100
[debug] [2024-09-17T10:18:03.501Z] <<< [apiv2][status] GET https://firebase.googleapis.com/v1beta1/availableProjects 403
[debug] [2024-09-17T10:18:03.502Z] <<< [apiv2][body] GET https://firebase.googleapis.com/v1beta1/availableProjects [omitted]
[debug] [2024-09-17T10:18:03.502Z] Unable to parse JSON: SyntaxError: Unexpected token '<', "<!DOCTYPE "... is not valid JSON
[debug] [2024-09-17T10:18:04.059Z] FirebaseError: Unable to parse JSON: SyntaxError: Unexpected token '<', "<!DOCTYPE "... is not valid JSON
    at RetryOperation._fn (C:\Users\DELL\AppData\Roaming\npm\node_modules\firebase-tools\lib\apiv2.js:277:39)
    at process.processTicksAndRejections (node:internal/process/task_queues:95:5)
[error] 
[error] Error: Failed to list available Google Cloud Platform projects. See firebase-debug.log for more info.
[debug] [2024-09-17T10:18:12.536Z] ----------------------------------------------------------------------
[debug] [2024-09-17T10:18:12.540Z] Command:       C:\Program Files\nodejs\node.exe C:\Users\DELL\AppData\Roaming\npm\node_modules\firebase-tools\lib\bin\firebase.js init
[debug] [2024-09-17T10:18:12.540Z] CLI Version:   13.17.0
[debug] [2024-09-17T10:18:12.541Z] Platform:      win32
[debug] [2024-09-17T10:18:12.541Z] Node Version:  v20.16.0
[debug] [2024-09-17T10:18:12.541Z] Time:          Tue Sep 17 2024 13:18:12 GMT+0300 (GMT+03:00)
[debug] [2024-09-17T10:18:12.541Z] ----------------------------------------------------------------------
[debug] 
[debug] [2024-09-17T10:18:12.546Z] >>> [apiv2][query] GET https://firebase-public.firebaseio.com/cli.json [none]
[debug] [2024-09-17T10:18:12.631Z] > command requires scopes: ["email","openid","https://www.googleapis.com/auth/cloudplatformprojects.readonly","https://www.googleapis.com/auth/firebase","https://www.googleapis.com/auth/cloud-platform"]
[debug] [2024-09-17T10:18:12.631Z] > authorizing via signed-in user (mohammed.issaopte@gmail.com)
[info] 
     ######## #### ########  ######## ########     ###     ######  ########
     ##        ##  ##     ## ##       ##     ##  ##   ##  ##       ##
     ######    ##  ########  ######   ########  #########  ######  ######
     ##        ##  ##    ##  ##       ##     ## ##     ##       ## ##
     ##       #### ##     ## ######## ########  ##     ##  ######  ########

You're about to initialize a Firebase project in this directory:

  C:\Users\DELL\Mohammed\my-portfolio

[debug] [2024-09-17T10:18:13.096Z] *** [apiv2] error from fetch(https://firebase-public.firebaseio.com/cli.json, {"headers":{},"method":"GET"}): FetchError: request to https://firebase-public.firebaseio.com/cli.json failed, reason: Client network socket disconnected before secure TLS connection was established
[warn] !  Unable to fetch the CLI MOTD and remote config. This is not a fatal error, but may indicate an issue with your network connection. 
[debug] [2024-09-17T10:18:13.098Z] Failed to fetch MOTD FirebaseError: Failed to make request to https://firebase-public.firebaseio.com/cli.json
[info] 
=== Project Setup
[info] 
[info] First, let's associate this project directory with a Firebase project.
[info] You can create multiple project aliases by running firebase use --add, 
[info] but for now we'll just set up a default project.
[info] 
[info] i  If you want to create a project in a Google Cloud organization or folder, please use "firebase projects:create" instead, and return to this command when you've created the project. 
[debug] [2024-09-17T10:18:45.751Z] >>> [apiv2][query] POST https://cloudresourcemanager.googleapis.com/v1/projects [none]
[debug] [2024-09-17T10:18:45.752Z] >>> [apiv2][body] POST https://cloudresourcemanager.googleapis.com/v1/projects {"projectId":"newProject","name":"Portfolio"}
[debug] [2024-09-17T10:18:46.302Z] <<< [apiv2][status] POST https://cloudresourcemanager.googleapis.com/v1/projects 403
[debug] [2024-09-17T10:18:46.303Z] <<< [apiv2][body] POST https://cloudresourcemanager.googleapis.com/v1/projects "<!DOCTYPE html>\n<html lang=en>\n  <meta charset=utf-8>\n  <meta name=viewport content=\"initial-scale=1, minimum-scale=1, width=device-width\">\n  <title>Error 403 (Forbidden)!!1</title>\n  <style>\n    *{margin:0;padding:0}html,code{font:15px/22px arial,sans-serif}html{background:#fff;color:#222;padding:15px}body{margin:7% auto 0;max-width:390px;min-height:180px;padding:30px 0 15px}* > body{background:url(//www.google.com/images/errors/robot.png) 100% 5px no-repeat;padding-right:205px}p{margin:11px 0 22px;overflow:hidden}ins{color:#777;text-decoration:none}a img{border:0}@media screen and (max-width:772px){body{background:none;margin-top:0;max-width:none;padding-right:0}}#logo{background:url(//www.google.com/images/branding/googlelogo/1x/googlelogo_color_150x54dp.png) no-repeat;margin-left:-5px}@media only screen and (min-resolution:192dpi){#logo{background:url(//www.google.com/images/branding/googlelogo/2x/googlelogo_color_150x54dp.png) no-repeat 0% 0%/100% 100%;-moz-border-image:url(//www.google.com/images/branding/googlelogo/2x/googlelogo_color_150x54dp.png) 0}}@media only screen and (-webkit-min-device-pixel-ratio:2){#logo{background:url(//www.google.com/images/branding/googlelogo/2x/googlelogo_color_150x54dp.png) no-repeat;-webkit-background-size:100% 100%}}#logo{display:inline-block;height:54px;width:150px}\n  </style>\n  <a href=//www.google.com/><span id=logo aria-label=Google></span></a>\n  <p><b>403.</b> <ins>That’s an error.</ins>\n  <p>Your client does not have permission to get URL <code>/v1/projects</code> from this server.  <ins>That’s all we know.</ins>\n"
[debug] [2024-09-17T10:18:46.669Z] FirebaseError: Unable to parse JSON: SyntaxError: Unexpected token '<', "<!DOCTYPE "... is not valid JSON
    at RetryOperation._fn (C:\Users\DELL\AppData\Roaming\npm\node_modules\firebase-tools\lib\apiv2.js:277:39)
    at process.processTicksAndRejections (node:internal/process/task_queues:95:5)
[error] 
[error] Error: Failed to create project. See firebase-debug.log for more info.
